C51 COMPILER V9.60.7.0   MAIN                                                              11/16/2025 01:31:21 PAGE 1   


C51 COMPILER V9.60.7.0, COMPILATION OF MODULE MAIN
OBJECT MODULE PLACED IN .\Objects\main.obj
COMPILER INVOKED BY: D:\C51\BIN\C51.EXE main.c OPTIMIZE(8,SPEED) BROWSE DEBUG OBJECTEXTEND PRINT(.\Listings\main.lst) OB
                    -JECT(.\Objects\main.obj)

line level    source

   1          #include <REGX52.H>
   2          
   3          // 无符号整数类型的别名
   4          #define uint unsigned int
   5          
   6          // 延时参数
   7          const uint AWAIT = 500;
   8          
   9          /**
  10           * 毫秒级延时函数
  11           * 
  12           * 只是用循环来简单模拟，缺陷是对于不同的设备表现不一致 
  13          */
  14          void delay_ms(uint t) {
  15   1          uint j;
  16   1          while(t--) {
  17   2              j = 85;
  18   2              while (j--);
  19   2          }
  20   1      }
  21          
  22          void main() {
  23   1          while(1) {
  24   2              /* 亮灯 D1 */ {
  25   3                  // `~a` 表示对 `a` 按位取反
  26   3                  P2 = ~0x01;
  27   3                  delay_ms(AWAIT);
  28   3              }
  29   2              /* 亮灯 D2 */ {
  30   3                  P2 = ~0x02;
  31   3                  delay_ms(AWAIT);
  32   3              }
  33   2              /* 亮灯 D3 */ {
  34   3                  P2 = ~0x04;
  35   3                  delay_ms(AWAIT);
  36   3              }
  37   2              /* 亮灯 D4 */ {
  38   3                  P2 = ~0x08;
  39   3                  delay_ms(AWAIT);
  40   3              }
  41   2              /* 亮灯 D5 */ {
  42   3                  P2 = ~0x10;
  43   3                  delay_ms(AWAIT);
  44   3              }
  45   2              /* 亮灯 D6 */ {
  46   3                  P2 = ~0x20;
  47   3                  delay_ms(AWAIT);
  48   3              }
  49   2              /* 亮灯 D7 */ {
  50   3                  P2 = ~0x40;
  51   3                  delay_ms(AWAIT);
  52   3              }
  53   2              /* 亮灯 D8 */ {
  54   3                  P2 = ~0x80;
C51 COMPILER V9.60.7.0   MAIN                                                              11/16/2025 01:31:21 PAGE 2   

  55   3                  delay_ms(AWAIT);
  56   3              }
  57   2          }
  58   1      }


MODULE INFORMATION:   STATIC OVERLAYABLE
   CODE SIZE        =     81    ----
   CONSTANT SIZE    =   ----    ----
   XDATA SIZE       =   ----    ----
   PDATA SIZE       =   ----    ----
   DATA SIZE        =      2    ----
   IDATA SIZE       =   ----    ----
   BIT SIZE         =   ----    ----
END OF MODULE INFORMATION.


C51 COMPILATION COMPLETE.  0 WARNING(S),  0 ERROR(S)
