C51 COMPILER V9.60.7.0   MAIN                                                              11/17/2025 12:06:49 PAGE 1   


C51 COMPILER V9.60.7.0, COMPILATION OF MODULE MAIN
OBJECT MODULE PLACED IN .\Objects\main.obj
COMPILER INVOKED BY: D:\C51\BIN\C51.EXE main.c OPTIMIZE(8,SPEED) BROWSE DEBUG OBJECTEXTEND PRINT(.\Listings\main.lst) OB
                    -JECT(.\Objects\main.obj)

line level    source

   1          #include <REGX52.H>
   2          
   3          /// 无符号整数类型的别名
   4          #define uint unsigned int
   5          #define uchar unsigned char
   6          
   7          /// 延时参数
   8          const uint AWAIT = 1;
   9          
  10          /**
  11           * [毫秒级延时函数]
  12           * 
  13           * 只是用循环来简单模拟，缺陷是对于不同的设备表现不一致。
  14          */
  15          void delay_ms(uint t) {
  16   1          uchar j;
  17   1          while(t--) {
  18   2              j = 85;
  19   2              while (j--);
  20   2          }
  21   1      }
  22          
  23          /// 激活 `Y{ip}`，选中 `LED{ip + 1}`
  24          void nixie(uchar ip) {
  25   1          P2_2 = ip & 0x01; // `ip` 的第 `0` 位
  26   1          P2_3 = ip & 0x02; // `ip` 的第 `1` 位
  27   1          P2_4 = ip & 0x04; // `ip` 的第 `2` 位
  28   1      }
  29          
  30          /// 数码管显示的每一个个位数字对应的编码
  31          uchar nixie_nums_table[] = {
  32              0x3F, // 0
  33              0X06, // 1
  34              0X5B, // 2
  35              0x4F, // 3
  36              0x66, // 4
  37              0x6D, // 5
  38              0x7D, // 6
  39              0x07, // 7
  40              0x7F, // 8
  41              0x6F, // 9
  42          };
  43          
  44          /// 在第{8-ip}个灯显示数字 `{num}`
  45          void dispaly_nixie(uchar ip, uchar num) {
  46   1          /// 激活 `Y{ip}`，选中 `LED{ip+1}`
  47   1          nixie(7);
  48   1          /// 设置数码管，显示数字 `1`
  49   1          P0 = nixie_nums_table[1];
  50   1          
  51   1          delay_ms(AWAIT); // 消影
  52   1      }
*** WARNING C280 IN LINE 45 OF main.c: 'ip': unreferenced local variable
*** WARNING C280 IN LINE 45 OF main.c: 'num': unreferenced local variable
C51 COMPILER V9.60.7.0   MAIN                                                              11/17/2025 12:06:49 PAGE 2   

  53          
  54          void main() {
  55   1          
  56   1          while (1) {
  57   2              /// 在第一个灯显示数字 `1`
  58   2              display_nixie(7, 1);
*** WARNING C206 IN LINE 58 OF main.c: 'display_nixie': missing function-prototype
*** ERROR C267 IN LINE 58 OF main.c: 'display_nixie': requires ANSI-style prototype
  59   2              
  60   2              /// 在第二个灯显示数字 `2`
  61   2              display_nixie(6, 2);
  62   2              
  63   2              /// 在第三个灯显示数字 `3`
  64   2              display_nixie(5, 3);
  65   2          }
  66   1      }

C51 COMPILATION COMPLETE.  3 WARNING(S),  1 ERROR(S)
