C51 COMPILER V9.60.7.0   DELAY                                                             11/21/2025 17:48:10 PAGE 1   


C51 COMPILER V9.60.7.0, COMPILATION OF MODULE DELAY
OBJECT MODULE PLACED IN .\Objects\delay.obj
COMPILER INVOKED BY: D:\C51\BIN\C51.EXE delay.c OPTIMIZE(8,SPEED) BROWSE DEBUG OBJECTEXTEND PRINT(.\Listings\delay.lst) 
                    -OBJECT(.\Objects\delay.obj)

line level    source

   1          #define uchar unsigned char
   2          #define uint unsigned int
   3          
   4          /**
   5           * [毫秒级延时函数]
   6           * 
   7           * 静态函数
   8           * 
   9           * 只是用循环来简单模拟，缺陷是对于不同的设备表现不一致。
  10           */
  11          void delay_ms(
  12              uint t /* 延时时间 */
  13          ) 
  14          {
  15   1          uchar j;  // 在函数开头定义变量
  16   1          
  17   1          while(t--) {
  18   2              j = 85;
  19   2              while (j--);
  20   2          }
  21   1      }


MODULE INFORMATION:   STATIC OVERLAYABLE
   CODE SIZE        =     21    ----
   CONSTANT SIZE    =   ----    ----
   XDATA SIZE       =   ----    ----
   PDATA SIZE       =   ----    ----
   DATA SIZE        =   ----    ----
   IDATA SIZE       =   ----    ----
   BIT SIZE         =   ----    ----
END OF MODULE INFORMATION.


C51 COMPILATION COMPLETE.  0 WARNING(S),  0 ERROR(S)
