C51 COMPILER V9.60.7.0   MAIN                                                              11/20/2025 06:54:59 PAGE 1   


C51 COMPILER V9.60.7.0, COMPILATION OF MODULE MAIN
OBJECT MODULE PLACED IN .\Objects\main.obj
COMPILER INVOKED BY: D:\C51\BIN\C51.EXE main.c OPTIMIZE(8,SPEED) BROWSE DEBUG OBJECTEXTEND PRINT(.\Listings\main.lst) OB
                    -JECT(.\Objects\main.obj)

line level    source

   1          #include <REGX52.H>
   2          #include "lcd1602.h"
   3          
   4          void main() {
   5   1          // lcd 初始化
   6   1          lcd_init();
   7   1          
   8   1          /// 从第一行的第一个位置开始显示字符串 `"Hello,"`
   9   1          lcd_show_string(1, 1, "Hello,");
  10   1          
  11   1          /// 从第二行的第一个位置开始显示字符串 `"world"`
  12   1          lcd_show_string(2, 1, "world");
  13   1          
  14   1          while (1);
  15   1      }


MODULE INFORMATION:   STATIC OVERLAYABLE
   CODE SIZE        =     31    ----
   CONSTANT SIZE    =     13    ----
   XDATA SIZE       =   ----    ----
   PDATA SIZE       =   ----    ----
   DATA SIZE        =   ----    ----
   IDATA SIZE       =   ----    ----
   BIT SIZE         =   ----    ----
END OF MODULE INFORMATION.


C51 COMPILATION COMPLETE.  0 WARNING(S),  0 ERROR(S)
