C51 COMPILER V9.60.7.0   MAIN                                                              11/17/2025 01:09:02 PAGE 1   


C51 COMPILER V9.60.7.0, COMPILATION OF MODULE MAIN
OBJECT MODULE PLACED IN .\Objects\main.obj
COMPILER INVOKED BY: D:\C51\BIN\C51.EXE main.c OPTIMIZE(8,SPEED) BROWSE DEBUG OBJECTEXTEND PRINT(.\Listings\main.lst) OB
                    -JECT(.\Objects\main.obj)

line level    source

   1          #include <REGX52.H>
   2          
   3          #define uchar unsigned char
   4          
   5          /// 激活 `Y{ip}`，选中 `LED{ip + 1}`
   6          void nixie(uchar ip) {
   7   1          P2_2 = ip & 0x01; // `ip` 的第 `0` 位
   8   1          P2_3 = ip & 0x02; // `ip` 的第 `1` 位
   9   1          P2_4 = ip & 0x04; // `ip` 的第 `2` 位
  10   1      }
  11          
  12          /// 数码管显示的每一个个位数字对应的编码
  13          uchar nixie_nums_table[] = {
  14              0x3F, // 0
  15              0X06, // 1
  16              0X5B, // 2
  17              0x4F, // 3
  18              0x66, // 4
  19              0x6D, // 5
  20              0x7D, // 6
  21              0x07, // 7
  22              0x7F, // 8
  23              0x6F, // 9
  24          };
  25          
  26          void main() {
  27   1          /// 激活 `Y4`，选中 `LED5`
  28   1          nixie(4);
  29   1          
  30   1          /// 设置数码管，显示数字 `6`
  31   1          P0 = nixie_nums_table[6];
  32   1          
  33   1          while (1);
  34   1      }


MODULE INFORMATION:   STATIC OVERLAYABLE
   CODE SIZE        =     24    ----
   CONSTANT SIZE    =   ----    ----
   XDATA SIZE       =   ----    ----
   PDATA SIZE       =   ----    ----
   DATA SIZE        =     10    ----
   IDATA SIZE       =   ----    ----
   BIT SIZE         =   ----    ----
END OF MODULE INFORMATION.


C51 COMPILATION COMPLETE.  0 WARNING(S),  0 ERROR(S)
