C51 COMPILER V9.60.7.0   MAIN                                                              11/16/2025 01:47:27 PAGE 1   


C51 COMPILER V9.60.7.0, COMPILATION OF MODULE MAIN
OBJECT MODULE PLACED IN .\Objects\main.obj
COMPILER INVOKED BY: D:\C51\BIN\C51.EXE main.c OPTIMIZE(8,SPEED) BROWSE DEBUG OBJECTEXTEND PRINT(.\Listings\main.lst) OB
                    -JECT(.\Objects\main.obj)

line level    source

   1          /* 3.1 控制 LED 亮灭 = C:\\code_fleetinglore\c51\3\1 */
   2          
   3          #include <REGX52.H>
   4          
   5          void main() {
   6   1          while (1) {
   7   2              if (P3_1 == 0 || P3_0 == 0) {
   8   3                  P2_0 = 0;
   9   3              } else {
  10   3                  P2_0 = 1;
  11   3              }
  12   2          }
  13   1      }


MODULE INFORMATION:   STATIC OVERLAYABLE
   CODE SIZE        =     14    ----
   CONSTANT SIZE    =   ----    ----
   XDATA SIZE       =   ----    ----
   PDATA SIZE       =   ----    ----
   DATA SIZE        =   ----    ----
   IDATA SIZE       =   ----    ----
   BIT SIZE         =   ----    ----
END OF MODULE INFORMATION.


C51 COMPILATION COMPLETE.  0 WARNING(S),  0 ERROR(S)
