C51 COMPILER V9.60.7.0   MAIN                                                              11/16/2025 01:17:00 PAGE 1   


C51 COMPILER V9.60.7.0, COMPILATION OF MODULE MAIN
OBJECT MODULE PLACED IN .\Objects\main.obj
COMPILER INVOKED BY: D:\C51\BIN\C51.EXE main.c OPTIMIZE(8,SPEED) BROWSE DEBUG OBJECTEXTEND PRINT(.\Listings\main.lst) OB
                    -JECT(.\Objects\main.obj)

line level    source

   1          #include <REGX52.H>
   2          
   3          // 无符号整数类型的别名
   4          #define uint unsigned int
   5          
   6          // 延时参数
   7          const uint AWAIT = 1000;
   8          
   9          /**
  10           * 毫秒级延时函数
  11           * 
  12           * 只是用循环来简单模拟，缺陷是对于不同的设备表现不一致 
  13          */
  14          void delay_ms(uint t) {
  15   1          uint j;
  16   1          while(t--) {
  17   2              j = 85;
  18   2              while (j--);
  19   2          }
  20   1      }
  21          
  22          void main() {
  23   1          while (1) {
  24   2              /* 亮一个灯 */ {
  25   3                  P2 = ~0x01;
  26   3                  delay_ms(AWAIT);
  27   3              }
  28   2              
  29   2              /* 灭灯 */ {
  30   3                  P2 = ~0x00;
  31   3                  delay_ms(AWAIT);
  32   3              }
  33   2          }
  34   1      }


MODULE INFORMATION:   STATIC OVERLAYABLE
   CODE SIZE        =     49    ----
   CONSTANT SIZE    =   ----    ----
   XDATA SIZE       =   ----    ----
   PDATA SIZE       =   ----    ----
   DATA SIZE        =      2    ----
   IDATA SIZE       =   ----    ----
   BIT SIZE         =   ----    ----
END OF MODULE INFORMATION.


C51 COMPILATION COMPLETE.  0 WARNING(S),  0 ERROR(S)
