C51 COMPILER V9.60.7.0   MAIN                                                              11/16/2025 03:09:19 PAGE 1   


C51 COMPILER V9.60.7.0, COMPILATION OF MODULE MAIN
OBJECT MODULE PLACED IN .\Objects\main.obj
COMPILER INVOKED BY: D:\C51\BIN\C51.EXE main.c OPTIMIZE(8,SPEED) BROWSE DEBUG OBJECTEXTEND PRINT(.\Listings\main.lst) OB
                    -JECT(.\Objects\main.obj)

line level    source

   1          /* 2.4 LED 流水灯 另一种方法 = C:\\code_fleetinglore\c51\2\4 */
   2          
   3          #include <REGX52.H>
   4          
   5          /// 无符号整数类型的别名
   6          #define uint unsigned int
   7          #define uchar unsigned char
   8          
   9          /// 延时参数
  10          const uint AWAIT = 20;
  11          
  12          /**
  13           * [毫秒级延时函数]
  14           * 
  15           * 只是用循环来简单模拟，缺陷是对于不同的设备表现不一致。
  16          */
  17          void delay_ms(uint t) {
  18   1          uchar j;
  19   1          while(t--) {
  20   2              j = 85;
  21   2              while (j--);
  22   2          }
  23   1      }
  24          
  25          void main() {
  26   1          while(1) {
  27   2              /* 亮灯 D1 */ {
  28   3                  /// `P2_i` 即控制 `D{i+1}` 的接口
  29   3                  P2_0 = 0;
  30   3                  delay_ms(AWAIT);
  31   3                  
  32   3                  // 亮灯后熄灭
  33   3                  P2_0 = 1;
  34   3              }
  35   2              /* 亮灯 D2 */ {
  36   3                  P2_1 = 0;
  37   3                  delay_ms(AWAIT);
  38   3                  
  39   3                  P2_1 = 1;
  40   3              }
  41   2              /* 亮灯 D3 */ {
  42   3                  P2_2 = 0;
  43   3                  delay_ms(AWAIT);
  44   3                  
  45   3                  P2_2 = 1;
  46   3              }
  47   2              /* 亮灯 D4 */ {
  48   3                  P2_3 = 0;
  49   3                  delay_ms(AWAIT);
  50   3                  
  51   3                  P2_3 = 1;
  52   3              }
  53   2              /* 亮灯 D5 */ {
  54   3                  P2_4 = 0;
C51 COMPILER V9.60.7.0   MAIN                                                              11/16/2025 03:09:19 PAGE 2   

  55   3                  delay_ms(AWAIT);
  56   3                  
  57   3                  P2_4 = 1;
  58   3              }
  59   2              /* 亮灯 D6 */ {
  60   3                  P2_5 = 0;
  61   3                  delay_ms(AWAIT);
  62   3                  
  63   3                  P2_5 = 1;
  64   3              }
  65   2              /* 亮灯 D7 */ {
  66   3                  P2_6 = 0;
  67   3                  delay_ms(AWAIT);
  68   3                  
  69   3                  P2_6 = 1;
  70   3              }
  71   2              /* 亮灯 D8 */ {
  72   3                  P2_7 = 0;
  73   3                  delay_ms(AWAIT);
  74   3                  
  75   3                  P2_7 = 1;
  76   3              }
  77   2          }
  78   1      }


MODULE INFORMATION:   STATIC OVERLAYABLE
   CODE SIZE        =     83    ----
   CONSTANT SIZE    =   ----    ----
   XDATA SIZE       =   ----    ----
   PDATA SIZE       =   ----    ----
   DATA SIZE        =      2    ----
   IDATA SIZE       =   ----    ----
   BIT SIZE         =   ----    ----
END OF MODULE INFORMATION.


C51 COMPILATION COMPLETE.  0 WARNING(S),  0 ERROR(S)
