C51 COMPILER V9.60.7.0   ASYNC_DELAY_MS_FOR_K2                                             11/29/2025 10:23:45 PAGE 1   


C51 COMPILER V9.60.7.0, COMPILATION OF MODULE ASYNC_DELAY_MS_FOR_K2
OBJECT MODULE PLACED IN .\Objects\async_delay_ms_for_k2.obj
COMPILER INVOKED BY: D:\C51\BIN\C51.EXE lib\delay\async_delay_ms_for_k2.c OPTIMIZE(8,SPEED) BROWSE DEBUG OBJECTEXTEND PR
                    -INT(.\Listings\async_delay_ms_for_k2.lst) OBJECT(.\Objects\async_delay_ms_for_k2.obj)

line level    source

   1          /**
   2           * @file lib/delay/async_delay_ms_for_k2.c
   3           * @author FleetingLore macro__9@outook.com
   4           * @brief 针对 K2 的非阻塞延时
   5           * @date 2025-11-29
   6          */
   7          #include "prelude.h"
   8          #include "lib/delay/delay.h"
   9          
  10          /**
  11           * @param t 延时毫秒数
  12           * @return 按下 K2 则返回 2，否则返回 0
  13          */
  14          int async_delay_ms_for_k2(unsigned int t)
  15          {
  16   1          unsigned int i, j;
  17   1          
  18   1          for(i = 0; i < t; i++)
  19   1          {
  20   2              for(j = 0; j < 75; j++)
  21   2              {
  22   3                  if (K2_OFF == 0)
  23   3                  {
  24   4                      D_OFF = 0xFF;
  25   4                      delay_ms(1000); /* 防止重复识别 */
  26   4                      return 2;
  27   4                  }
  28   3              }
  29   2          }
  30   1          
  31   1          return 0;
  32   1      }


MODULE INFORMATION:   STATIC OVERLAYABLE
   CODE SIZE        =     74    ----
   CONSTANT SIZE    =   ----    ----
   XDATA SIZE       =   ----    ----
   PDATA SIZE       =   ----    ----
   DATA SIZE        =   ----       6
   IDATA SIZE       =   ----    ----
   BIT SIZE         =   ----    ----
END OF MODULE INFORMATION.


C51 COMPILATION COMPLETE.  0 WARNING(S),  0 ERROR(S)
