C51 COMPILER V9.60.7.0   MAIN                                                              11/29/2025 10:23:44 PAGE 1   


C51 COMPILER V9.60.7.0, COMPILATION OF MODULE MAIN
OBJECT MODULE PLACED IN .\Objects\main.obj
COMPILER INVOKED BY: D:\C51\BIN\C51.EXE main.c OPTIMIZE(8,SPEED) BROWSE DEBUG OBJECTEXTEND PRINT(.\Listings\main.lst) OB
                    -JECT(.\Objects\main.obj)

line level    source

   1          /**
   2           * @file main.c
   3           * @author FleetingLore macro__9@outook.com
   4           * @date 2025-11-29
   5          */
   6          #include "prelude.h"
   7          #include "lib/lib.h"
   8          
   9          /**
  10           * @brief 无初始化事项
  11           */
  12          void init()
  13          {
  14   1          ;
  15   1      }
  16          
  17          /**
  18           * @brief 注册表
  19          */
  20          void registry_joined()
  21          {
  22   1          /* 当按下 K1 时 */
  23   1          if (k1_on()) mode_1_join();
  24   1          
  25   1          /* 当按下 K2 时 */
  26   1          if (k2_on()) mode_2_join();
  27   1          
  28   1          /* 当按下 K3 时 */
  29   1          if (k3_on()) mode_3_join();
  30   1      }
  31          
  32          /**
  33           * @brief 入口
  34          */
  35          void main()
  36          {
  37   1          init();
  38   1      
  39   1          while (1)
  40   1          {
  41   2              /* 原 神 启 动 */
  42   2              registry_joined();
  43   2          }
  44   1      }


MODULE INFORMATION:   STATIC OVERLAYABLE
   CODE SIZE        =     40    ----
   CONSTANT SIZE    =   ----    ----
   XDATA SIZE       =   ----    ----
   PDATA SIZE       =   ----    ----
   DATA SIZE        =   ----    ----
   IDATA SIZE       =   ----    ----
   BIT SIZE         =   ----    ----
C51 COMPILER V9.60.7.0   MAIN                                                              11/29/2025 10:23:44 PAGE 2   

END OF MODULE INFORMATION.


C51 COMPILATION COMPLETE.  0 WARNING(S),  0 ERROR(S)
