C51 COMPILER V9.60.7.0   MAIN                                                              11/16/2025 02:09:16 PAGE 1   


C51 COMPILER V9.60.7.0, COMPILATION OF MODULE MAIN
OBJECT MODULE PLACED IN .\Objects\main.obj
COMPILER INVOKED BY: D:\C51\BIN\C51.EXE main.c OPTIMIZE(8,SPEED) BROWSE DEBUG OBJECTEXTEND PRINT(.\Listings\main.lst) OB
                    -JECT(.\Objects\main.obj)

line level    source

   1          /* 3.3 控制 LED 显示二进制 = C:\\code_fleetinglore\c51\3\3 */
   2          
   3          #include <REGX52.H>
   4          
   5          /// 无符号整数类型的别名
   6          #define uint unsigned int
   7          #define uchar unsigned char
   8          
   9          /// 延时参数
  10          const uint AWAIT = 20;
  11          
  12          /**
  13           * 毫秒级延时函数
  14           * 
  15           * 只是用循环来简单模拟，缺陷是对于不同的设备表现不一致 
  16          */
  17          void delay_ms(uint t) {
  18   1          uint j;
  19   1          while(t--) {
  20   2              j = 85;
  21   2              while (j--);
  22   2          }
  23   1      }
  24          
  25          void main() {
  26   1          /// 按键次数统计
  27   1          uchar count = 0;
  28   1          
  29   1          while (1) {
  30   2              /// 当按下 `K_1` 时
  31   2              if (P3_1 == 0) {
  32   3                  /* 消抖 */ {
  33   4                      // 抖动
  34   4                      delay_ms(AWAIT);
  35   4                      
  36   4                      // 按住时
  37   4                      while (P3_1 == 0);
  38   4                      
  39   4                      // 松手后
  40   4                      delay_ms(AWAIT);
  41   4                  }
  42   3                  
  43   3                  P2--;
  44   3                  /*
  45   3                  /// 计数自增
  46   3                  count++;
  47   3                  
  48   3                  /// 点灯
  49   3                  P2 = ~count;
  50   3                  */
  51   3              }
  52   2          }
  53   1      }

C51 COMPILER V9.60.7.0   MAIN                                                              11/16/2025 02:09:16 PAGE 2   


MODULE INFORMATION:   STATIC OVERLAYABLE
   CODE SIZE        =     54    ----
   CONSTANT SIZE    =   ----    ----
   XDATA SIZE       =   ----    ----
   PDATA SIZE       =   ----    ----
   DATA SIZE        =      2       1
   IDATA SIZE       =   ----    ----
   BIT SIZE         =   ----    ----
END OF MODULE INFORMATION.


C51 COMPILATION COMPLETE.  0 WARNING(S),  0 ERROR(S)
