C51 COMPILER V9.60.7.0   MAIN                                                              11/21/2025 19:09:36 PAGE 1   


C51 COMPILER V9.60.7.0, COMPILATION OF MODULE MAIN
OBJECT MODULE PLACED IN .\Objects\main.obj
COMPILER INVOKED BY: D:\C51\BIN\C51.EXE main.c OPTIMIZE(8,SPEED) BROWSE DEBUG OBJECTEXTEND PRINT(.\Listings\main.lst) OB
                    -JECT(.\Objects\main.obj)

line level    source

   1          #include <REGX52.H>
   2          
   3          #include "delay.h"
   4          #include "lcd1602.h"
   5          #include "matrix_key.h"
   6          
   7          /// 无符号整数类型的别名
   8          #define uchar unsigned char
   9          
  10          uchar key_num;
  11          
  12          void main() {
  13   1          lcd_init();
  14   1          lcd_show_string(1, 1, "Matrix Key");
  15   1          
  16   1          while (1) {
  17   2              key_num = matrix_key();
  18   2              
  19   2              if (key_num) {
  20   3                  lcd_show_num(2, 1, key_num,2);
  21   3              }
  22   2          }
  23   1      }


MODULE INFORMATION:   STATIC OVERLAYABLE
   CODE SIZE        =     40    ----
   CONSTANT SIZE    =     11    ----
   XDATA SIZE       =   ----    ----
   PDATA SIZE       =   ----    ----
   DATA SIZE        =      1    ----
   IDATA SIZE       =   ----    ----
   BIT SIZE         =   ----    ----
END OF MODULE INFORMATION.


C51 COMPILATION COMPLETE.  0 WARNING(S),  0 ERROR(S)
