C51 COMPILER V9.60.7.0   MAIN                                                              11/17/2025 12:52:34 PAGE 1   


C51 COMPILER V9.60.7.0, COMPILATION OF MODULE MAIN
OBJECT MODULE PLACED IN .\Objects\main.obj
COMPILER INVOKED BY: D:\C51\BIN\C51.EXE main.c OPTIMIZE(8,SPEED) BROWSE DEBUG OBJECTEXTEND PRINT(.\Listings\main.lst) OB
                    -JECT(.\Objects\main.obj)

line level    source

   1          #include "nixie.h"
   2          
   3          #define uchar unsigned char
   4          #define uint unsigned int
   5          
   6          void main() {
   7   1          
   8   1          while (1) {
   9   2              /// 在第一个灯显示数字 `1`
  10   2              display_nixie(7, 1);
  11   2              
  12   2              /// 在第二个灯显示数字 `2`
  13   2              display_nixie(6, 2);
  14   2              
  15   2              /// 在第三个灯显示数字 `3`
  16   2              display_nixie(5, 3);
  17   2          }
  18   1      }


MODULE INFORMATION:   STATIC OVERLAYABLE
   CODE SIZE        =     23    ----
   CONSTANT SIZE    =   ----    ----
   XDATA SIZE       =   ----    ----
   PDATA SIZE       =   ----    ----
   DATA SIZE        =   ----    ----
   IDATA SIZE       =   ----    ----
   BIT SIZE         =   ----    ----
END OF MODULE INFORMATION.


C51 COMPILATION COMPLETE.  0 WARNING(S),  0 ERROR(S)
